
> smart-recipe-planner-app@0.1.0 pages:build
> npx @cloudflare/next-on-pages

ÔÜí´©Å @cloudflare/next-on-pages CLI v.1.13.16

ÔÜí´©Å Warning: It seems like you're on a Windows system, the Vercel CLI (run by @cloudflare/next-on-pages
ÔÜí´©Å to build your application) seems not to work reliably on Windows so if you experience issues during
ÔÜí´©Å the build process please try switching to a different operating system or running
ÔÜí´©Å @cloudflare/next-on-pages under the Windows Subsystem for Linux

node:events:497
      throw er; // Unhandled 'error' event
      ^

Error: spawn bash ENOENT
    at ChildProcess._handle.onexit (node:internal/child_process:285:19)
    at onErrorNT (node:internal/child_process:483:16)
    at process.processTicksAndRejections (node:internal/process/task_queues:90:21)
Emitted 'error' event on ChildProcess instance at:
    at ChildProcess._handle.onexit (node:internal/child_process:291:12)
    at onErrorNT (node:internal/child_process:483:16)
    at process.processTicksAndRejections (node:internal/process/task_queues:90:21) {
  errno: -4058,
  code: 'ENOENT',
  syscall: 'spawn bash',
  path: 'bash',
  spawnargs: [ '--noprofile', '--norc' ]
}

Node.js v22.20.0
